Unhandled exception. System.IO.InvalidDataException: Failed to load configuration from file '/home/ynz/Documents/FileWatcherApp/appsettings.Production.json'.
 ---> System.FormatException: Could not parse the JSON file.
 ---> System.Text.Json.JsonReaderException: 's' is an invalid escapable character within a JSON string. The string should be correctly escaped. LineNumber: 44 | BytePositionInLine: 30.
   at System.Text.Json.ThrowHelper.ThrowJsonReaderException(Utf8JsonReader& json, ExceptionResource resource, Byte nextByte, ReadOnlySpan`1 bytes)
   at System.Text.Json.Utf8JsonReader.ConsumeStringAndValidate(ReadOnlySpan`1 data, Int32 idx)
   at System.Text.Json.Utf8JsonReader.ConsumeString()
   at System.Text.Json.Utf8JsonReader.ConsumeValue(Byte marker)
   at System.Text.Json.Utf8JsonReader.ReadSingleSegment()
   at System.Text.Json.Utf8JsonReader.Read()
   at System.Text.Json.JsonDocument.Parse(ReadOnlySpan`1 utf8JsonSpan, JsonReaderOptions readerOptions, MetadataDb& database, StackRowStack& stack)
   at System.Text.Json.JsonDocument.Parse(ReadOnlyMemory`1 utf8Json, JsonReaderOptions readerOptions, Byte[] extraRentedArrayPoolBytes, PooledByteBufferWriter extraPooledByteBufferWriter)
   at System.Text.Json.JsonDocument.Parse(ReadOnlyMemory`1 json, JsonDocumentOptions options)
   at System.Text.Json.JsonDocument.Parse(String json, JsonDocumentOptions options)
   at Microsoft.Extensions.Configuration.Json.JsonConfigurationFileParser.ParseStream(Stream input)
   at Microsoft.Extensions.Configuration.Json.JsonConfigurationFileParser.Parse(Stream input)
   at Microsoft.Extensions.Configuration.Json.JsonConfigurationProvider.Load(Stream stream)
   --- End of inner exception stack trace ---
   at Microsoft.Extensions.Configuration.Json.JsonConfigurationProvider.Load(Stream stream)
   at Microsoft.Extensions.Configuration.FileConfigurationProvider.Load(Boolean reload)
   --- End of inner exception stack trace ---
   at Microsoft.Extensions.Configuration.FileConfigurationProvider.HandleException(ExceptionDispatchInfo info)
   at Microsoft.Extensions.Configuration.FileConfigurationProvider.Load(Boolean reload)
   at Microsoft.Extensions.Configuration.FileConfigurationProvider.Load()
   at Microsoft.Extensions.Configuration.ConfigurationManager.AddSource(IConfigurationSource source)
   at Microsoft.Extensions.Configuration.ConfigurationManager.ConfigurationSources.Add(IConfigurationSource source)
   at Microsoft.Extensions.Configuration.ConfigurationManager.Microsoft.Extensions.Configuration.IConfigurationBuilder.Add(IConfigurationSource source)
   at Microsoft.Extensions.Configuration.ConfigurationExtensions.Add[TSource](IConfigurationBuilder builder, Action`1 configureSource)
   at Microsoft.Extensions.Configuration.JsonConfigurationExtensions.AddJsonFile(IConfigurationBuilder builder, Action`1 configureSource)
   at Microsoft.Extensions.Configuration.JsonConfigurationExtensions.AddJsonFile(IConfigurationBuilder builder, IFileProvider provider, String path, Boolean optional, Boolean reloadOnChange)
   at Microsoft.Extensions.Configuration.JsonConfigurationExtensions.AddJsonFile(IConfigurationBuilder builder, String path, Boolean optional, Boolean reloadOnChange)
   at Microsoft.Extensions.Hosting.HostingHostBuilderExtensions.ApplyDefaultAppConfiguration(HostBuilderContext hostingContext, IConfigurationBuilder appConfigBuilder, String[] args)
   at Microsoft.Extensions.Hosting.HostApplicationBuilder..ctor(HostApplicationBuilderSettings settings)
   at Microsoft.Extensions.Hosting.HostApplicationBuilder..ctor(String[] args)
   at Microsoft.Extensions.Hosting.Host.CreateApplicationBuilder(String[] args)
   at FileWatcherApp.Program.Main(String[] args) in /home/ynz/Documents/FileWatcherApp/Program.cs:line 22
   at FileWatcherApp.Program.<Main>(String[] args)
